[INFO] Scanning for projects...
[INFO] 
[INFO] -----------------------< org.example:demoSpring >-----------------------
[INFO] Building demoSpring 0.0.1-SNAPSHOT
[INFO]   from pom.xml
[INFO] --------------------------------[ jar ]---------------------------------
[INFO] 
[INFO] --- clean:3.5.0:clean (default-clean) @ demoSpring ---
[INFO] Deleting E:\project\demo-repository\Backend_FPT\target
[INFO] 
[INFO] --- resources:3.3.1:resources (default-resources) @ demoSpring ---
[INFO] Copying 1 resource from src\main\resources to target\classes
[INFO] Copying 0 resource from src\main\resources to target\classes
[INFO] 
[INFO] --- compiler:3.14.1:compile (default-compile) @ demoSpring ---
[INFO] Recompiling the module because of changed source code.
[INFO] Compiling 50 source files with javac [debug parameters release 17] to target\classes
[WARNING] /E:/project/demo-repository/Backend_FPT/src/main/java/org/example/demospring/entity/Restaurant.java:[45,21] @Builder will ignore the initializing expression entirely. If you want the initializing expression to serve as default, add @Builder.Default. If it is not supposed to be settable during building, make the field final.
[WARNING] /E:/project/demo-repository/Backend_FPT/src/main/java/org/example/demospring/entity/Restaurant.java:[48,20] @Builder will ignore the initializing expression entirely. If you want the initializing expression to serve as default, add @Builder.Default. If it is not supposed to be settable during building, make the field final.
[WARNING] /E:/project/demo-repository/Backend_FPT/src/main/java/org/example/demospring/entity/Product.java:[41,20] @Builder will ignore the initializing expression entirely. If you want the initializing expression to serve as default, add @Builder.Default. If it is not supposed to be settable during building, make the field final.
[WARNING] /E:/project/demo-repository/Backend_FPT/src/main/java/org/example/demospring/entity/Product.java:[53,21] @Builder will ignore the initializing expression entirely. If you want the initializing expression to serve as default, add @Builder.Default. If it is not supposed to be settable during building, make the field final.
[WARNING] /E:/project/demo-repository/Backend_FPT/src/main/java/org/example/demospring/entity/Booking.java:[40,20] @Builder will ignore the initializing expression entirely. If you want the initializing expression to serve as default, add @Builder.Default. If it is not supposed to be settable during building, make the field final.
[WARNING] /E:/project/demo-repository/Backend_FPT/src/main/java/org/example/demospring/entity/User.java:[52,21] @Builder will ignore the initializing expression entirely. If you want the initializing expression to serve as default, add @Builder.Default. If it is not supposed to be settable during building, make the field final.
[WARNING] /E:/project/demo-repository/Backend_FPT/src/main/java/org/example/demospring/entity/User.java:[55,20] @Builder will ignore the initializing expression entirely. If you want the initializing expression to serve as default, add @Builder.Default. If it is not supposed to be settable during building, make the field final.
[WARNING] /E:/project/demo-repository/Backend_FPT/src/main/java/org/example/demospring/entity/User.java:[65,26] @Builder will ignore the initializing expression entirely. If you want the initializing expression to serve as default, add @Builder.Default. If it is not supposed to be settable during building, make the field final.
[WARNING] /E:/project/demo-repository/Backend_FPT/src/main/java/org/example/demospring/entity/Order.java:[41,20] @Builder will ignore the initializing expression entirely. If you want the initializing expression to serve as default, add @Builder.Default. If it is not supposed to be settable during building, make the field final.
[WARNING] /E:/project/demo-repository/Backend_FPT/src/main/java/org/example/demospring/entity/Order.java:[44,20] @Builder will ignore the initializing expression entirely. If you want the initializing expression to serve as default, add @Builder.Default. If it is not supposed to be settable during building, make the field final.
[INFO] ------------------------------------------------------------------------
[INFO] BUILD SUCCESS
[INFO] ------------------------------------------------------------------------
[INFO] Total time:  3.433 s
[INFO] Finished at: 2026-03-09T14:04:46+07:00
[INFO] ------------------------------------------------------------------------
