[INFO] Scanning for projects...
[INFO] 
[INFO] -----------------------< org.example:demoSpring >-----------------------
[INFO] Building demoSpring 0.0.1-SNAPSHOT
[INFO]   from pom.xml
[INFO] --------------------------------[ jar ]---------------------------------
[INFO] 
[INFO] >>> spring-boot:4.0.3:run (default-cli) > test-compile @ demoSpring >>>
[INFO] 
[INFO] --- resources:3.3.1:resources (default-resources) @ demoSpring ---
[INFO] Copying 1 resource from src\main\resources to target\classes
[INFO] Copying 0 resource from src\main\resources to target\classes
[INFO] 
[INFO] --- compiler:3.14.1:compile (default-compile) @ demoSpring ---
[INFO] Nothing to compile - all classes are up to date.
[INFO] 
[INFO] --- resources:3.3.1:testResources (default-testResources) @ demoSpring ---
[INFO] skip non existing resourceDirectory E:\Project\demo-repository\Backend_FPT\src\test\resources
[INFO] 
[INFO] --- compiler:3.14.1:testCompile (default-testCompile) @ demoSpring ---
[INFO] Nothing to compile - all classes are up to date.
[INFO] 
[INFO] <<< spring-boot:4.0.3:run (default-cli) < test-compile @ demoSpring <<<
[INFO] 
[INFO] 
[INFO] --- spring-boot:4.0.3:run (default-cli) @ demoSpring ---
[INFO] Attaching agents: []

  .   ____          _            __ _ _
 /\\ / ___'_ __ _ _(_)_ __  __ _ \ \ \ \
( ( )\___ | '_ | '_| | '_ \/ _` | \ \ \ \
 \\/  ___)| |_)| | | | | || (_| |  ) ) ) )
  '  |____| .__|_| |_|_| |_\__, | / / / /
 =========|_|==============|___/=/_/_/_/

 :: Spring Boot ::                (v4.0.3)

2026-03-08T12:14:31.815+07:00  INFO 31300 --- [demoSpring] [  restartedMain] o.e.demospring.DemoSpringApplication     : Starting DemoSpringApplication using Java 25 with PID 31300 (E:\Project\demo-repository\Backend_FPT\target\classes started by Admin in E:\Project\demo-repository\Backend_FPT)
2026-03-08T12:14:31.816+07:00  INFO 31300 --- [demoSpring] [  restartedMain] o.e.demospring.DemoSpringApplication     : No active profile set, falling back to 1 default profile: "default"
2026-03-08T12:14:31.845+07:00  INFO 31300 --- [demoSpring] [  restartedMain] .e.DevToolsPropertyDefaultsPostProcessor : Devtools property defaults active! Set 'spring.devtools.add-properties' to 'false' to disable
2026-03-08T12:14:31.846+07:00  INFO 31300 --- [demoSpring] [  restartedMain] .e.DevToolsPropertyDefaultsPostProcessor : For additional web related logging consider setting the 'logging.level.web' property to 'DEBUG'
2026-03-08T12:14:32.183+07:00  INFO 31300 --- [demoSpring] [  restartedMain] .s.d.r.c.RepositoryConfigurationDelegate : Bootstrapping Spring Data JPA repositories in DEFAULT mode.
2026-03-08T12:14:32.233+07:00  INFO 31300 --- [demoSpring] [  restartedMain] .s.d.r.c.RepositoryConfigurationDelegate : Finished Spring Data repository scanning in 45 ms. Found 13 JPA repository interfaces.
2026-03-08T12:14:32.504+07:00  INFO 31300 --- [demoSpring] [  restartedMain] o.s.boot.tomcat.TomcatWebServer          : Tomcat initialized with port 8080 (http)
2026-03-08T12:14:32.510+07:00  INFO 31300 --- [demoSpring] [  restartedMain] o.apache.catalina.core.StandardService   : Starting service [Tomcat]
2026-03-08T12:14:32.511+07:00  INFO 31300 --- [demoSpring] [  restartedMain] o.apache.catalina.core.StandardEngine    : Starting Servlet engine: [Apache Tomcat/11.0.18]
2026-03-08T12:14:32.530+07:00  INFO 31300 --- [demoSpring] [  restartedMain] b.w.c.s.WebApplicationContextInitializer : Root WebApplicationContext: initialization completed in 684 ms
2026-03-08T12:14:32.603+07:00  INFO 31300 --- [demoSpring] [  restartedMain] org.hibernate.orm.jpa                    : HHH008540: Processing PersistenceUnitInfo [name: default]
2026-03-08T12:14:32.624+07:00  INFO 31300 --- [demoSpring] [  restartedMain] org.hibernate.orm.core                   : HHH000001: Hibernate ORM core version 7.2.4.Final
2026-03-08T12:14:32.845+07:00  INFO 31300 --- [demoSpring] [  restartedMain] o.s.o.j.p.SpringPersistenceUnitInfo      : No LoadTimeWeaver setup: ignoring JPA class transformer
2026-03-08T12:14:32.863+07:00  INFO 31300 --- [demoSpring] [  restartedMain] com.zaxxer.hikari.HikariDataSource       : HikariPool-1 - Starting...
2026-03-08T12:14:32.935+07:00  INFO 31300 --- [demoSpring] [  restartedMain] com.zaxxer.hikari.pool.HikariPool        : HikariPool-1 - Added connection com.mysql.cj.jdbc.ConnectionImpl@3af6d657
2026-03-08T12:14:32.936+07:00  INFO 31300 --- [demoSpring] [  restartedMain] com.zaxxer.hikari.HikariDataSource       : HikariPool-1 - Start completed.
2026-03-08T12:14:32.954+07:00  WARN 31300 --- [demoSpring] [  restartedMain] org.hibernate.orm.core                   : HHH000511: The 5.5.5 version for [org.hibernate.dialect.MySQLDialect] is no longer supported, hence certain features may not work properly.The minimum supported version is 8.0.0. Check the community dialects project for available legacy versions.
2026-03-08T12:14:32.956+07:00  WARN 31300 --- [demoSpring] [  restartedMain] org.hibernate.orm.deprecation            : HHH90000025: MySQLDialect does not need to be specified explicitly using 'hibernate.dialect' (remove the property setting and it will be selected by default)
2026-03-08T12:14:32.965+07:00  INFO 31300 --- [demoSpring] [  restartedMain] org.hibernate.orm.connections.pooling    : HHH10001005: Database info:
	Database JDBC URL [jdbc:mysql://localhost:3306/demospring_db?createDatabaseIfNotExist=true&useSSL=false&serverTimezone=UTC]
	Database driver: MySQL Connector/J
	Database dialect: MySQLDialect
	Database version: 5.5.5
	Default catalog/schema: demospring_db/undefined
	Autocommit mode: undefined/unknown
	Isolation level: REPEATABLE_READ [default REPEATABLE_READ]
	JDBC fetch size: none
	Pool: DataSourceConnectionProvider
	Minimum pool size: undefined/unknown
	Maximum pool size: undefined/unknown
2026-03-08T12:14:33.498+07:00  INFO 31300 --- [demoSpring] [  restartedMain] org.hibernate.orm.core                   : HHH000489: No JTA platform available (set 'hibernate.transaction.jta.platform' to enable JTA platform integration)
2026-03-08T12:14:33.993+07:00  INFO 31300 --- [demoSpring] [  restartedMain] j.LocalContainerEntityManagerFactoryBean : Initialized JPA EntityManagerFactory for persistence unit 'default'
2026-03-08T12:14:34.029+07:00  INFO 31300 --- [demoSpring] [  restartedMain] o.s.d.j.r.query.QueryEnhancerFactories   : Hibernate is in classpath; If applicable, HQL parser will be used.
2026-03-08T12:14:34.162+07:00  INFO 31300 --- [demoSpring] [  restartedMain] r$InitializeUserDetailsManagerConfigurer : Global AuthenticationManager configured with UserDetailsService bean with name userDetailsService
2026-03-08T12:14:34.230+07:00  WARN 31300 --- [demoSpring] [  restartedMain] JpaBaseConfiguration$JpaWebConfiguration : spring.jpa.open-in-view is enabled by default. Therefore, database queries may be performed during view rendering. Explicitly configure spring.jpa.open-in-view to disable this warning
2026-03-08T12:14:34.546+07:00  WARN 31300 --- [demoSpring] [  restartedMain] ConfigServletWebServerApplicationContext : Exception encountered during context initialization - cancelling refresh attempt: org.springframework.context.ApplicationContextException: Failed to start bean 'webServerStartStop'
2026-03-08T12:14:34.547+07:00  INFO 31300 --- [demoSpring] [  restartedMain] j.LocalContainerEntityManagerFactoryBean : Closing JPA EntityManagerFactory for persistence unit 'default'
2026-03-08T12:14:34.549+07:00  INFO 31300 --- [demoSpring] [  restartedMain] com.zaxxer.hikari.HikariDataSource       : HikariPool-1 - Shutdown initiated...
2026-03-08T12:14:34.551+07:00  INFO 31300 --- [demoSpring] [  restartedMain] com.zaxxer.hikari.HikariDataSource       : HikariPool-1 - Shutdown completed.
2026-03-08T12:14:34.556+07:00  INFO 31300 --- [demoSpring] [  restartedMain] .s.b.a.l.ConditionEvaluationReportLogger : 

Error starting ApplicationContext. To display the condition evaluation report re-run your application with 'debug' enabled.
2026-03-08T12:14:34.561+07:00 ERROR 31300 --- [demoSpring] [  restartedMain] o.s.b.d.LoggingFailureAnalysisReporter   : 

***************************
APPLICATION FAILED TO START
***************************

Description:

Web server failed to start. Port 8080 was already in use.

Action:

Identify and stop the process that's listening on port 8080 or configure this application to listen on another port.

[INFO] ------------------------------------------------------------------------
[INFO] BUILD SUCCESS
[INFO] ------------------------------------------------------------------------
[INFO] Total time:  3.933 s
[INFO] Finished at: 2026-03-08T12:14:34+07:00
[INFO] ------------------------------------------------------------------------
